<?xml version="1.0" encoding="UTF-8"?>
<!-- Generated by org.testng.reporters.JUnitReportReporter -->
<testsuite hostname="HIJ-LP094" failures="0" tests="1" name="Tests.BaseClass" time="6.221" errors="0" timestamp="1 Apr 2021 07:26:48 GMT">
  <testcase classname="Tests.BaseClass" name="SampleTest" time="6.221"/>
</testsuite> <!-- Tests.BaseClass -->
